<?xml version="1.0" encoding="UTF-8"?>
<!-- Generated by org.testng.reporters.JUnitXMLReporter -->
<testsuite hostname="LAPTOP-HGJ6MDEE" ignored="0" tests="7" failures="1" timestamp="2023-02-22T18:53:58 IST" time="32.004" errors="0">
  <testcase name="dropDown" time="1.031" classname="Amazon_Testng"/>
  <testcase name="searchBox" time="7.915" classname="Amazon_Testng"/>
  <testcase name="selectProduct" time="0.342" classname="Amazon_Testng"/>
  <testcase name="windowSwitch" time="0.053" classname="Amazon_Testng"/>
  <testcase name="producCompare" time="6.747" classname="Amazon_Testng">
    <failure type="org.testng.TestException" message="
Method Amazon_Testng.producCompare()[pri:5, instance:Amazon_Testng@31f924f5] should have thrown an exception of type class org.openqa.selenium.NoSuchElementException">
      <![CDATA[org.testng.TestException: 
Method Amazon_Testng.producCompare()[pri:5, instance:Amazon_Testng@31f924f5] should have thrown an exception of type class org.openqa.selenium.NoSuchElementException
at java.util.ArrayList.forEach(Unknown Source)
... Removed 24 stack frames]]>
    </failure>
  </testcase> <!-- producCompare -->
  <testcase name="gotoCart" time="0.058" classname="Amazon_Testng"/>
  <testcase name="shoppingCompare" time="10.062" classname="Amazon_Testng"/>
</testsuite>
