<?xml version="1.0" encoding="UTF-8"?>
<!-- Generated by org.testng.reporters.JUnitReportReporter -->
<testsuite skipped="0" hostname="LAPTOP-HGJ6MDEE" name="Amazon_Testng" tests="7" failures="0" timestamp="2023-02-22T18:53:58 IST" time="26.208" errors="1">
  <testcase name="searchBox" time="7.915" classname="Amazon_Testng"/>
  <system-out/>
  <testcase name="dropDown" time="1.031" classname="Amazon_Testng"/>
  <system-out/>
  <testcase name="selectProduct" time="0.342" classname="Amazon_Testng"/>
  <system-out/>
  <testcase name="windowSwitch" time="0.053" classname="Amazon_Testng"/>
  <system-out/>
  <testcase name="producCompare" time="6.747" classname="Amazon_Testng">
    <error type="org.testng.TestException" message="
Method Amazon_Testng.producCompare()[pri:5, instance:Amazon_Testng@31f924f5] should have thrown an exception of type class org.openqa.selenium.NoSuchElementException">
      <![CDATA[org.testng.TestException: 
Method Amazon_Testng.producCompare()[pri:5, instance:Amazon_Testng@31f924f5] should have thrown an exception of type class org.openqa.selenium.NoSuchElementException
at org.testng.internal.ExpectedExceptionsHolder.noException(ExpectedExceptionsHolder.java:82)
at org.testng.internal.TestInvoker.considerExceptions(TestInvoker.java:749)
at org.testng.internal.TestInvoker.invokeMethod(TestInvoker.java:634)
at org.testng.internal.TestInvoker.invokeTestMethod(TestInvoker.java:173)
at org.testng.internal.MethodRunner.runInSequence(MethodRunner.java:46)
at org.testng.internal.TestInvoker$MethodInvocationAgent.invoke(TestInvoker.java:824)
at org.testng.internal.TestInvoker.invokeTestMethods(TestInvoker.java:146)
at org.testng.internal.TestMethodWorker.invokeTestMethods(TestMethodWorker.java:146)
at org.testng.internal.TestMethodWorker.run(TestMethodWorker.java:128)
at java.util.ArrayList.forEach(Unknown Source)
at org.testng.TestRunner.privateRun(TestRunner.java:794)
at org.testng.TestRunner.run(TestRunner.java:596)
at org.testng.SuiteRunner.runTest(SuiteRunner.java:377)
at org.testng.SuiteRunner.runSequentially(SuiteRunner.java:371)
at org.testng.SuiteRunner.privateRun(SuiteRunner.java:332)
at org.testng.SuiteRunner.run(SuiteRunner.java:276)
at org.testng.SuiteRunnerWorker.runSuite(SuiteRunnerWorker.java:53)
at org.testng.SuiteRunnerWorker.run(SuiteRunnerWorker.java:96)
at org.testng.TestNG.runSuitesSequentially(TestNG.java:1212)
at org.testng.TestNG.runSuitesLocally(TestNG.java:1134)
at org.testng.TestNG.runSuites(TestNG.java:1063)
at org.testng.TestNG.run(TestNG.java:1031)
at org.testng.remote.AbstractRemoteTestNG.run(AbstractRemoteTestNG.java:115)
at org.testng.remote.RemoteTestNG.initAndRun(RemoteTestNG.java:251)
at org.testng.remote.RemoteTestNG.main(RemoteTestNG.java:77)
]]>
    </error>
  </testcase> <!-- producCompare -->
  <system-out/>
  <testcase name="gotoCart" time="0.058" classname="Amazon_Testng"/>
  <system-out/>
  <testcase name="shoppingCompare" time="10.062" classname="Amazon_Testng"/>
  <system-out/>
</testsuite> <!-- Amazon_Testng -->
